<?xml version="1.0" encoding="UTF-8"?>
<!-- Generated by org.testng.reporters.JUnitXMLReporter -->
<testsuite ignored="0" hostname="Ash" failures="0" tests="1" name="Test3" time="4.861" errors="0" timestamp="2022-02-26T18:01:30 IST">
  <testcase classname="TestScripts.Test3" name="@AfterTest afterTest" time="0.295">
    <failure type="org.openqa.selenium.TimeoutException" message="Unable to find the session info for particular sessionId null, maybe session has quit already or timed out. (WARNING: The server did not provide any stacktrace information)
Command duration or timeout: 290 milliseconds
Build info: version: &amp;apos;2.53.1&amp;apos;, revision: &amp;apos;a36b8b1cd5757287168e54b817830adce9b0158d&amp;apos;, time: &amp;apos;2016-06-30 19:26:09&amp;apos;
System info: host: &amp;apos;Ash&amp;apos;, ip: &amp;apos;192.168.0.4&amp;apos;, os.name: &amp;apos;Windows 10&amp;apos;, os.arch: &amp;apos;amd64&amp;apos;, os.version: &amp;apos;10.0&amp;apos;, java.version: &amp;apos;17.0.2&amp;apos;
Driver info: org.openqa.selenium.remote.RemoteWebDriver
Capabilities [{capabilities={safari:diagnose=false, strictFileInteractability=false, safari:automaticProfiling=false, webdriver.remote.sessionid=197B7E24-013B-447E-8403-B3E067C885CD, safari:platformBuildVersion=19G73, acceptInsecureCerts=false, browserVersion=13.1.2, safari:useSimulator=false, webkit:WebRTC={DisableICECandidateFiltering=false, DisableInsecureMediaCapture=false}, safari:platformVersion=10.15.6, browserName=Safari, safari:automaticInspection=false, platformName=macOS, setWindowRect=true}, sessionId=197B7E24-013B-447E-8403-B3E067C885CD, platform=ANY}]
Session ID: null">
      <![CDATA[org.openqa.selenium.TimeoutException: Unable to find the session info for particular sessionId null, maybe session has quit already or timed out. (WARNING: The server did not provide any stacktrace information)
Command duration or timeout: 290 milliseconds
Build info: version: '2.53.1', revision: 'a36b8b1cd5757287168e54b817830adce9b0158d', time: '2016-06-30 19:26:09'
System info: host: 'Ash', ip: '192.168.0.4', os.name: 'Windows 10', os.arch: 'amd64', os.version: '10.0', java.version: '17.0.2'
Driver info: org.openqa.selenium.remote.RemoteWebDriver
Capabilities [{capabilities={safari:diagnose=false, strictFileInteractability=false, safari:automaticProfiling=false, webdriver.remote.sessionid=197B7E24-013B-447E-8403-B3E067C885CD, safari:platformBuildVersion=19G73, acceptInsecureCerts=false, browserVersion=13.1.2, safari:useSimulator=false, webkit:WebRTC={DisableICECandidateFiltering=false, DisableInsecureMediaCapture=false}, safari:platformVersion=10.15.6, browserName=Safari, safari:automaticInspection=false, platformName=macOS, setWindowRect=true}, sessionId=197B7E24-013B-447E-8403-B3E067C885CD, platform=ANY}]
Session ID: null
at org.openqa.selenium.remote.ErrorHandler.createThrowable(ErrorHandler.java:206)
at org.openqa.selenium.remote.ErrorHandler.throwIfResponseFailed(ErrorHandler.java:158)
at org.openqa.selenium.remote.RemoteWebDriver.execute(RemoteWebDriver.java:678)
at org.openqa.selenium.remote.RemoteWebDriver.executeScript(RemoteWebDriver.java:575)
at TestScripts.Test3.afterTest(Test3.java:107)
... Removed 30 stack frames]]>
    </failure>
  </testcase> <!-- @AfterTest afterTest -->
  <testcase classname="TestScripts.Test3" name="test" time="0.286"/>
</testsuite> <!-- Test3 -->
