<?xml version="1.0" encoding="UTF-8"?>
<!-- Generated by org.testng.reporters.JUnitXMLReporter -->
<testsuite ignored="0" hostname="Ash" failures="0" tests="1" name="Test" time="1.082" errors="0" timestamp="2022-02-26T16:06:46 IST">
  <testcase classname="TestScripts.IeExplorer" name="@AfterTest afterTest" time="0.001">
    <failure type="java.lang.NullPointerException" message="Cannot invoke &amp;quot;org.openqa.selenium.JavascriptExecutor.executeScript(String, Object[])&amp;quot; because &amp;quot;TestScripts.IeExplorer.driver&amp;quot; is null">
      <![CDATA[java.lang.NullPointerException: Cannot invoke "org.openqa.selenium.JavascriptExecutor.executeScript(String, Object[])" because "TestScripts.IeExplorer.driver" is null
at TestScripts.IeExplorer.afterTest(IeExplorer.java:143)
... Removed 25 stack frames]]>
    </failure>
  </testcase> <!-- @AfterTest afterTest -->
  <testcase classname="TestScripts.IeExplorer" name="test" time="0.002"/>
</testsuite> <!-- Test -->
