<?xml version="1.0" encoding="UTF-8"?>
<!-- Generated by org.testng.reporters.JUnitXMLReporter -->
<testsuite ignored="0" hostname="Ash" failures="0" tests="1" name="Test2" time="10.603" errors="0" timestamp="2022-02-26T15:49:10 IST">
  <testcase classname="TestScripts.FirefoxTest" name="@AfterTest afterTest" time="0.285">
    <failure type="org.openqa.selenium.TimeoutException" message="Unable to find the session info for particular sessionId null, maybe session has quit already or timed out. (WARNING: The server did not provide any stacktrace information)
Command duration or timeout: 284 milliseconds
Build info: version: &amp;apos;2.53.1&amp;apos;, revision: &amp;apos;a36b8b1cd5757287168e54b817830adce9b0158d&amp;apos;, time: &amp;apos;2016-06-30 19:26:09&amp;apos;
System info: host: &amp;apos;Ash&amp;apos;, ip: &amp;apos;192.168.0.4&amp;apos;, os.name: &amp;apos;Windows 10&amp;apos;, os.arch: &amp;apos;amd64&amp;apos;, os.version: &amp;apos;10.0&amp;apos;, java.version: &amp;apos;17.0.2&amp;apos;
Driver info: org.openqa.selenium.remote.RemoteWebDriver
Capabilities [{capabilities={moz:profile=C:\Users\ltuser\AppData\Local\Temp\rust_mozprofileG9vlcY, moz:geckodriverVersion=0.30.0, timeouts={implicit=0, pageLoad=300000, script=30000}, pageLoadStrategy=normal, unhandledPromptBehavior=dismiss and notify, strictFileInteractability=false, moz:headless=false, proxy={}, moz:accessibilityChecks=false, moz:useNonSpecCompliantPointerOrigin=false, webdriver.remote.sessionid=320776aa-5b6d-4072-bf4d-152741372dd1, acceptInsecureCerts=true, browserVersion=98.0, moz:shutdownTimeout=60000, platformVersion=10.0, moz:processID=5332, browserName=firefox, moz:buildID=20220213185901, platformName=windows, setWindowRect=true, moz:webdriverClick=true}, sessionId=320776aa-5b6d-4072-bf4d-152741372dd1, platform=ANY}]
Session ID: null">
      <![CDATA[org.openqa.selenium.TimeoutException: Unable to find the session info for particular sessionId null, maybe session has quit already or timed out. (WARNING: The server did not provide any stacktrace information)
Command duration or timeout: 284 milliseconds
Build info: version: '2.53.1', revision: 'a36b8b1cd5757287168e54b817830adce9b0158d', time: '2016-06-30 19:26:09'
System info: host: 'Ash', ip: '192.168.0.4', os.name: 'Windows 10', os.arch: 'amd64', os.version: '10.0', java.version: '17.0.2'
Driver info: org.openqa.selenium.remote.RemoteWebDriver
Capabilities [{capabilities={moz:profile=C:\Users\ltuser\AppData\Local\Temp\rust_mozprofileG9vlcY, moz:geckodriverVersion=0.30.0, timeouts={implicit=0, pageLoad=300000, script=30000}, pageLoadStrategy=normal, unhandledPromptBehavior=dismiss and notify, strictFileInteractability=false, moz:headless=false, proxy={}, moz:accessibilityChecks=false, moz:useNonSpecCompliantPointerOrigin=false, webdriver.remote.sessionid=320776aa-5b6d-4072-bf4d-152741372dd1, acceptInsecureCerts=true, browserVersion=98.0, moz:shutdownTimeout=60000, platformVersion=10.0, moz:processID=5332, browserName=firefox, moz:buildID=20220213185901, platformName=windows, setWindowRect=true, moz:webdriverClick=true}, sessionId=320776aa-5b6d-4072-bf4d-152741372dd1, platform=ANY}]
Session ID: null
at org.openqa.selenium.remote.ErrorHandler.createThrowable(ErrorHandler.java:206)
at org.openqa.selenium.remote.ErrorHandler.throwIfResponseFailed(ErrorHandler.java:158)
at org.openqa.selenium.remote.RemoteWebDriver.execute(RemoteWebDriver.java:678)
at org.openqa.selenium.remote.RemoteWebDriver.executeScript(RemoteWebDriver.java:575)
at TestScripts.FirefoxTest.afterTest(FirefoxTest.java:143)
... Removed 29 stack frames]]>
    </failure>
  </testcase> <!-- @AfterTest afterTest -->
  <testcase classname="TestScripts.FirefoxTest" name="test" time="0.293"/>
</testsuite> <!-- Test2 -->
